_______________ coverage: platform linux, python 3.12.3-final-0 ________________

Name                           Stmts   Miss  Cover   Missing
------------------------------------------------------------
orchestrator/main.py              32     32     0%   2-46
orchestrator/orchestrator.py     142     20    86%   111-118, 122-126, 137-146, 289, 304
------------------------------------------------------------
TOTAL                            174     52    70%
======================== 10 passed in 108.51s (0:01:48) ========================
